<?xml version="1.0" encoding="UTF-8"?>
<!-- Generated by org.testng.reporters.JUnitXMLReporter -->
<testsuite hostname="Shadab" name="Default test" tests="3" failures="0" timestamp="21 Dec 2021 18:53:06 GMT" time="32.295" errors="0">
  <testcase name="testOrganizationCreation" time="5.458" classname="com.vtiger.testscripts.TestOrganizationPage"/>
  <testcase name="testOrganizationEdit" time="3.874" classname="com.vtiger.testscripts.TestOrganizationPage"/>
  <testcase name="testOrganizationDelete" time="0.867" classname="com.vtiger.testscripts.TestOrganizationPage"/>
</testsuite> <!-- Default test -->
